<?xml version="1.0" encoding="UTF-8"?>
<testsuite name="ru.stqa.pft.addressbook.tests.ContactModificationTests" tests="1" skipped="0" failures="1" errors="0" timestamp="2019-06-13T13:07:46" hostname="lotsman" time="5.699">
  <properties/>
  <testcase name="testContactModificationTests" classname="ru.stqa.pft.addressbook.tests.ContactModificationTests" time="5.699">
    <failure message="java.lang.AssertionError: &#10;Expected: &lt;[ContactData{id=71, firstName='First 0', lastName='Last 0'}, ContactData{id=72, firstName='First 1', lastName='Last 1'}, ContactData{id=73, firstName='First 2', lastName='Last 2'}, ContactData{id=75, firstName='First 0', lastName='Last 0'}, ContactData{id=76, firstName='First 1', lastName='Last 1'}, ContactData{id=77, firstName='First 2', lastName='Last 2'}, ContactData{id=51, firstName='First 2', lastName='Last 2'}, ContactData{id=46, firstName='First 0', lastName='Last 0'}, ContactData{id=47, firstName='First 1', lastName='Last 1'}, ContactData{id=48, firstName='First 2', lastName='Last 2'}, ContactData{id=60, firstName='firstName2', lastName='lastName'}, ContactData{id=57, firstName='First 0', lastName='Last 0'}, ContactData{id=58, firstName='First 1', lastName='Last 1'}, ContactData{id=59, firstName='First 2', lastName='Last 2'}, ContactData{id=52, firstName='firstName2', lastName='lastName'}, ContactData{id=61, firstName='First 0', lastName='Last 0'}, ContactData{id=62, firstName='First 1', lastName='Last 1'}, ContactData{id=63, firstName='First 2', lastName='Last 2'}, ContactData{id=74, firstName='firstName2', lastName='lastName'}, ContactData{id=65, firstName='First 0', lastName='Last 0'}, ContactData{id=66, firstName='First 1', lastName='Last 1'}, ContactData{id=67, firstName='First 2', lastName='Last 2'}]&gt;&#10;     but: was &lt;[ContactData{id=72, firstName='First 1', lastName='Last 1'}, ContactData{id=73, firstName='First 2', lastName='Last 2'}, ContactData{id=75, firstName='First 0', lastName='Last 0'}, ContactData{id=76, firstName='First 1', lastName='Last 1'}, ContactData{id=77, firstName='First 2', lastName='Last 2'}, ContactData{id=51, firstName='First 2', lastName='Last 2'}, ContactData{id=46, firstName='First 0', lastName='Last 0'}, ContactData{id=47, firstName='First 1', lastName='Last 1'}, ContactData{id=48, firstName='First 2', lastName='Last 2'}, ContactData{id=60, firstName='firstName2', lastName='lastName'}, ContactData{id=57, firstName='First 0', lastName='Last 0'}, ContactData{id=58, firstName='First 1', lastName='Last 1'}, ContactData{id=59, firstName='First 2', lastName='Last 2'}, ContactData{id=52, firstName='firstName2', lastName='lastName'}, ContactData{id=78, firstName='firstName2', lastName='lastName'}, ContactData{id=61, firstName='First 0', lastName='Last 0'}, ContactData{id=62, firstName='First 1', lastName='Last 1'}, ContactData{id=63, firstName='First 2', lastName='Last 2'}, ContactData{id=74, firstName='firstName2', lastName='lastName'}, ContactData{id=65, firstName='First 0', lastName='Last 0'}, ContactData{id=66, firstName='First 1', lastName='Last 1'}, ContactData{id=67, firstName='First 2', lastName='Last 2'}]&gt;" type="java.lang.AssertionError">java.lang.AssertionError: 
Expected: &lt;[ContactData{id=71, firstName='First 0', lastName='Last 0'}, ContactData{id=72, firstName='First 1', lastName='Last 1'}, ContactData{id=73, firstName='First 2', lastName='Last 2'}, ContactData{id=75, firstName='First 0', lastName='Last 0'}, ContactData{id=76, firstName='First 1', lastName='Last 1'}, ContactData{id=77, firstName='First 2', lastName='Last 2'}, ContactData{id=51, firstName='First 2', lastName='Last 2'}, ContactData{id=46, firstName='First 0', lastName='Last 0'}, ContactData{id=47, firstName='First 1', lastName='Last 1'}, ContactData{id=48, firstName='First 2', lastName='Last 2'}, ContactData{id=60, firstName='firstName2', lastName='lastName'}, ContactData{id=57, firstName='First 0', lastName='Last 0'}, ContactData{id=58, firstName='First 1', lastName='Last 1'}, ContactData{id=59, firstName='First 2', lastName='Last 2'}, ContactData{id=52, firstName='firstName2', lastName='lastName'}, ContactData{id=61, firstName='First 0', lastName='Last 0'}, ContactData{id=62, firstName='First 1', lastName='Last 1'}, ContactData{id=63, firstName='First 2', lastName='Last 2'}, ContactData{id=74, firstName='firstName2', lastName='lastName'}, ContactData{id=65, firstName='First 0', lastName='Last 0'}, ContactData{id=66, firstName='First 1', lastName='Last 1'}, ContactData{id=67, firstName='First 2', lastName='Last 2'}]&gt;
     but: was &lt;[ContactData{id=72, firstName='First 1', lastName='Last 1'}, ContactData{id=73, firstName='First 2', lastName='Last 2'}, ContactData{id=75, firstName='First 0', lastName='Last 0'}, ContactData{id=76, firstName='First 1', lastName='Last 1'}, ContactData{id=77, firstName='First 2', lastName='Last 2'}, ContactData{id=51, firstName='First 2', lastName='Last 2'}, ContactData{id=46, firstName='First 0', lastName='Last 0'}, ContactData{id=47, firstName='First 1', lastName='Last 1'}, ContactData{id=48, firstName='First 2', lastName='Last 2'}, ContactData{id=60, firstName='firstName2', lastName='lastName'}, ContactData{id=57, firstName='First 0', lastName='Last 0'}, ContactData{id=58, firstName='First 1', lastName='Last 1'}, ContactData{id=59, firstName='First 2', lastName='Last 2'}, ContactData{id=52, firstName='firstName2', lastName='lastName'}, ContactData{id=78, firstName='firstName2', lastName='lastName'}, ContactData{id=61, firstName='First 0', lastName='Last 0'}, ContactData{id=62, firstName='First 1', lastName='Last 1'}, ContactData{id=63, firstName='First 2', lastName='Last 2'}, ContactData{id=74, firstName='firstName2', lastName='lastName'}, ContactData{id=65, firstName='First 0', lastName='Last 0'}, ContactData{id=66, firstName='First 1', lastName='Last 1'}, ContactData{id=67, firstName='First 2', lastName='Last 2'}]&gt;
	at org.hamcrest.MatcherAssert.assertThat(MatcherAssert.java:18)
	at org.hamcrest.MatcherAssert.assertThat(MatcherAssert.java:6)
	at ru.stqa.pft.addressbook.tests.ContactModificationTests.testContactModificationTests(ContactModificationTests.java:32)
	at sun.reflect.NativeMethodAccessorImpl.invoke0(Native Method)
	at sun.reflect.NativeMethodAccessorImpl.invoke(NativeMethodAccessorImpl.java:62)
	at sun.reflect.DelegatingMethodAccessorImpl.invoke(DelegatingMethodAccessorImpl.java:43)
	at java.lang.reflect.Method.invoke(Method.java:498)
	at org.testng.internal.MethodInvocationHelper.invokeMethod(MethodInvocationHelper.java:131)
	at org.testng.internal.TestInvoker.invokeMethod(TestInvoker.java:570)
	at org.testng.internal.TestInvoker.invokeTestMethod(TestInvoker.java:170)
	at org.testng.internal.MethodRunner.runInSequence(MethodRunner.java:46)
	at org.testng.internal.TestInvoker$MethodInvocationAgent.invoke(TestInvoker.java:790)
	at org.testng.internal.TestInvoker.invokeTestMethods(TestInvoker.java:143)
	at org.testng.internal.TestMethodWorker.invokeTestMethods(TestMethodWorker.java:146)
	at org.testng.internal.TestMethodWorker.run(TestMethodWorker.java:128)
	at org.testng.TestRunner.privateRun(TestRunner.java:763)
	at org.testng.TestRunner.run(TestRunner.java:594)
	at org.testng.SuiteRunner.runTest(SuiteRunner.java:398)
	at org.testng.SuiteRunner.runSequentially(SuiteRunner.java:392)
	at org.testng.SuiteRunner.privateRun(SuiteRunner.java:355)
	at org.testng.SuiteRunner.run(SuiteRunner.java:304)
	at org.testng.SuiteRunnerWorker.runSuite(SuiteRunnerWorker.java:53)
	at org.testng.SuiteRunnerWorker.run(SuiteRunnerWorker.java:96)
	at org.testng.TestNG.runSuitesSequentially(TestNG.java:1146)
	at org.testng.TestNG.runSuitesLocally(TestNG.java:1067)
	at org.testng.TestNG.runSuites(TestNG.java:997)
	at org.testng.TestNG.run(TestNG.java:965)
	at org.gradle.api.internal.tasks.testing.testng.TestNGTestClassProcessor.runTests(TestNGTestClassProcessor.java:140)
	at org.gradle.api.internal.tasks.testing.testng.TestNGTestClassProcessor.stop(TestNGTestClassProcessor.java:89)
	at org.gradle.api.internal.tasks.testing.SuiteTestClassProcessor.stop(SuiteTestClassProcessor.java:61)
	at sun.reflect.NativeMethodAccessorImpl.invoke0(Native Method)
	at sun.reflect.NativeMethodAccessorImpl.invoke(NativeMethodAccessorImpl.java:62)
	at sun.reflect.DelegatingMethodAccessorImpl.invoke(DelegatingMethodAccessorImpl.java:43)
	at java.lang.reflect.Method.invoke(Method.java:498)
	at org.gradle.internal.dispatch.ReflectionDispatch.dispatch(ReflectionDispatch.java:35)
	at org.gradle.internal.dispatch.ReflectionDispatch.dispatch(ReflectionDispatch.java:24)
	at org.gradle.internal.dispatch.ContextClassLoaderDispatch.dispatch(ContextClassLoaderDispatch.java:32)
	at org.gradle.internal.dispatch.ProxyDispatchAdapter$DispatchingInvocationHandler.invoke(ProxyDispatchAdapter.java:93)
	at com.sun.proxy.$Proxy2.stop(Unknown Source)
	at org.gradle.api.internal.tasks.testing.worker.TestWorker.stop(TestWorker.java:132)
	at sun.reflect.NativeMethodAccessorImpl.invoke0(Native Method)
	at sun.reflect.NativeMethodAccessorImpl.invoke(NativeMethodAccessorImpl.java:62)
	at sun.reflect.DelegatingMethodAccessorImpl.invoke(DelegatingMethodAccessorImpl.java:43)
	at java.lang.reflect.Method.invoke(Method.java:498)
	at org.gradle.internal.dispatch.ReflectionDispatch.dispatch(ReflectionDispatch.java:35)
	at org.gradle.internal.dispatch.ReflectionDispatch.dispatch(ReflectionDispatch.java:24)
	at org.gradle.internal.remote.internal.hub.MessageHubBackedObjectConnection$DispatchWrapper.dispatch(MessageHubBackedObjectConnection.java:175)
	at org.gradle.internal.remote.internal.hub.MessageHubBackedObjectConnection$DispatchWrapper.dispatch(MessageHubBackedObjectConnection.java:157)
	at org.gradle.internal.remote.internal.hub.MessageHub$Handler.run(MessageHub.java:404)
	at org.gradle.internal.concurrent.ExecutorPolicy$CatchAndRecordFailures.onExecute(ExecutorPolicy.java:63)
	at org.gradle.internal.concurrent.ManagedExecutorImpl$1.run(ManagedExecutorImpl.java:46)
	at java.util.concurrent.ThreadPoolExecutor.runWorker(ThreadPoolExecutor.java:1149)
	at java.util.concurrent.ThreadPoolExecutor$Worker.run(ThreadPoolExecutor.java:624)
	at org.gradle.internal.concurrent.ThreadFactoryImpl$ManagedThreadRunnable.run(ThreadFactoryImpl.java:55)
	at java.lang.Thread.run(Thread.java:748)
</failure>
  </testcase>
  <system-out><![CDATA[]]></system-out>
  <system-err><![CDATA[]]></system-err>
</testsuite>
